[{"line":2,"elements":[{"start_timestamp":"2023-02-24T20:26:00.494Z","line":12,"name":"TC01 Kullanici Google'da arama yapabilmeli","description":"","id":"us1001-kullanici-google-da-arama-testi-yapar;tc01-kullanici-google-da-arama-yapabilmeli;;2","type":"scenario","keyword":"Scenario Outline","steps":[{"result":{"duration":2106529000,"status":"passed"},"line":5,"name":"Google anasayfasina git","match":{"location":"stepDefinitions.GoogleStepDefinition.google_anasayfasina_git()"},"keyword":"* "},{"result":{"error_message":"org.openqa.selenium.NoSuchElementException: no such element: Unable to locate element: {\"method\":\"css selector\",\"selector\":\"[name=q22]\"}\n  (Session info: headless chrome=110.0.5481.100)\nFor documentation on this error, please visit: https://selenium.dev/exceptions/#no_such_element\nBuild info: version: '4.5.3', revision: '4b786a1e430'\nSystem info: os.name: 'Mac OS X', os.arch: 'x86_64', os.version: '13.2.1', java.version: '11.0.16'\nDriver info: org.openqa.selenium.chrome.ChromeDriver\nCommand: [e55f9a6cd7c245d8d2690bf8dc1c2246, findElement {using=css selector, value=[name=q22]}]\nCapabilities {acceptInsecureCerts: false, browserName: chrome, browserVersion: 110.0.5481.100, chrome: {chromedriverVersion: 110.0.5481.77 (65ed616c6e8e..., userDataDir: /var/folders/wj/9f253jhn2b1...}, goog:chromeOptions: {debuggerAddress: localhost:50550}, networkConnectionEnabled: false, pageLoadStrategy: normal, platformName: MAC, proxy: Proxy(), se:cdp: ws://localhost:50550/devtoo..., se:cdpVersion: 110.0.5481.100, setWindowRect: true, strictFileInteractability: false, timeouts: {implicit: 0, pageLoad: 300000, script: 30000}, unhandledPromptBehavior: dismiss and notify, webauthn:extension:credBlob: true, webauthn:extension:largeBlob: true, webauthn:virtualAuthenticators: true}\nSession ID: e55f9a6cd7c245d8d2690bf8dc1c2246\n\tat java.base/jdk.internal.reflect.NativeConstructorAccessorImpl.newInstance0(Native Method)\n\tat java.base/jdk.internal.reflect.NativeConstructorAccessorImpl.newInstance(NativeConstructorAccessorImpl.java:62)\n\tat java.base/jdk.internal.reflect.DelegatingConstructorAccessorImpl.newInstance(DelegatingConstructorAccessorImpl.java:45)\n\tat java.base/java.lang.reflect.Constructor.newInstance(Constructor.java:490)\n\tat org.openqa.selenium.remote.codec.w3c.W3CHttpResponseCodec.createException(W3CHttpResponseCodec.java:200)\n\tat org.openqa.selenium.remote.codec.w3c.W3CHttpResponseCodec.decode(W3CHttpResponseCodec.java:133)\n\tat org.openqa.selenium.remote.codec.w3c.W3CHttpResponseCodec.decode(W3CHttpResponseCodec.java:53)\n\tat org.openqa.selenium.remote.HttpCommandExecutor.execute(HttpCommandExecutor.java:184)\n\tat org.openqa.selenium.remote.service.DriverCommandExecutor.invokeExecute(DriverCommandExecutor.java:167)\n\tat org.openqa.selenium.remote.service.DriverCommandExecutor.execute(DriverCommandExecutor.java:142)\n\tat org.openqa.selenium.remote.RemoteWebDriver.execute(RemoteWebDriver.java:541)\n\tat org.openqa.selenium.remote.ElementLocation$ElementFinder$2.findElement(ElementLocation.java:162)\n\tat org.openqa.selenium.remote.ElementLocation.findElement(ElementLocation.java:60)\n\tat org.openqa.selenium.remote.RemoteWebDriver.findElement(RemoteWebDriver.java:365)\n\tat org.openqa.selenium.remote.RemoteWebDriver.findElement(RemoteWebDriver.java:357)\n\tat org.openqa.selenium.support.pagefactory.DefaultElementLocator.findElement(DefaultElementLocator.java:70)\n\tat org.openqa.selenium.support.pagefactory.internal.LocatingElementHandler.invoke(LocatingElementHandler.java:39)\n\tat com.sun.proxy.$Proxy19.sendKeys(Unknown Source)\n\tat stepDefinitions.GoogleStepDefinition.search_box_a_yi_yaz_ve_enter_a_bas(GoogleStepDefinition.java:26)\n\tat ✽.SearchBox'a \"Test\" yi yaz ve enter'a bas(file:///Users/yusufrenkoglu/Library/Mobile%20Documents/com~apple~CloudDocs/Projects/IdeaProjects/CucumberFramework/src/test/resources/features/Google.feature:6)\n","duration":20116758000,"status":"failed"},"line":6,"name":"SearchBox'a \"Test\" yi yaz ve enter'a bas","match":{"arguments":[{"val":"\"Test\"","offset":12}],"location":"stepDefinitions.GoogleStepDefinition.search_box_a_yi_yaz_ve_enter_a_bas(java.lang.String)"},"keyword":"* "},{"result":{"duration":123000,"status":"skipped"},"line":7,"name":"Aramanin basariyla yapildigini kontrol et","match":{"location":"stepDefinitions.GoogleStepDefinition.aramanin_basariyla_yapildigini_kontrol_et()"},"keyword":"* "},{"result":{"duration":87000,"status":"skipped"},"line":8,"name":"Browser'i kapat","match":{"location":"stepDefinitions.GoogleStepDefinition.Browseri_kapat()"},"keyword":"* "}],"tags":[{"name":"@wip"}]},{"start_timestamp":"2023-02-24T20:26:22.778Z","line":13,"name":"TC01 Kullanici Google'da arama yapabilmeli","description":"","id":"us1001-kullanici-google-da-arama-testi-yapar;tc01-kullanici-google-da-arama-yapabilmeli;;3","type":"scenario","keyword":"Scenario Outline","steps":[{"result":{"duration":234402000,"status":"passed"},"line":5,"name":"Google anasayfasina git","match":{"location":"stepDefinitions.GoogleStepDefinition.google_anasayfasina_git()"},"keyword":"* "},{"result":{"error_message":"org.openqa.selenium.NoSuchElementException: no such element: Unable to locate element: {\"method\":\"css selector\",\"selector\":\"[name=q22]\"}\n  (Session info: headless chrome=110.0.5481.100)\nFor documentation on this error, please visit: https://selenium.dev/exceptions/#no_such_element\nBuild info: version: '4.5.3', revision: '4b786a1e430'\nSystem info: os.name: 'Mac OS X', os.arch: 'x86_64', os.version: '13.2.1', java.version: '11.0.16'\nDriver info: org.openqa.selenium.chrome.ChromeDriver\nCommand: [e55f9a6cd7c245d8d2690bf8dc1c2246, findElement {using=css selector, value=[name=q22]}]\nCapabilities {acceptInsecureCerts: false, browserName: chrome, browserVersion: 110.0.5481.100, chrome: {chromedriverVersion: 110.0.5481.77 (65ed616c6e8e..., userDataDir: /var/folders/wj/9f253jhn2b1...}, goog:chromeOptions: {debuggerAddress: localhost:50550}, networkConnectionEnabled: false, pageLoadStrategy: normal, platformName: MAC, proxy: Proxy(), se:cdp: ws://localhost:50550/devtoo..., se:cdpVersion: 110.0.5481.100, setWindowRect: true, strictFileInteractability: false, timeouts: {implicit: 0, pageLoad: 300000, script: 30000}, unhandledPromptBehavior: dismiss and notify, webauthn:extension:credBlob: true, webauthn:extension:largeBlob: true, webauthn:virtualAuthenticators: true}\nSession ID: e55f9a6cd7c245d8d2690bf8dc1c2246\n\tat java.base/jdk.internal.reflect.NativeConstructorAccessorImpl.newInstance0(Native Method)\n\tat java.base/jdk.internal.reflect.NativeConstructorAccessorImpl.newInstance(NativeConstructorAccessorImpl.java:62)\n\tat java.base/jdk.internal.reflect.DelegatingConstructorAccessorImpl.newInstance(DelegatingConstructorAccessorImpl.java:45)\n\tat java.base/java.lang.reflect.Constructor.newInstance(Constructor.java:490)\n\tat org.openqa.selenium.remote.codec.w3c.W3CHttpResponseCodec.createException(W3CHttpResponseCodec.java:200)\n\tat org.openqa.selenium.remote.codec.w3c.W3CHttpResponseCodec.decode(W3CHttpResponseCodec.java:133)\n\tat org.openqa.selenium.remote.codec.w3c.W3CHttpResponseCodec.decode(W3CHttpResponseCodec.java:53)\n\tat org.openqa.selenium.remote.HttpCommandExecutor.execute(HttpCommandExecutor.java:184)\n\tat org.openqa.selenium.remote.service.DriverCommandExecutor.invokeExecute(DriverCommandExecutor.java:167)\n\tat org.openqa.selenium.remote.service.DriverCommandExecutor.execute(DriverCommandExecutor.java:142)\n\tat org.openqa.selenium.remote.RemoteWebDriver.execute(RemoteWebDriver.java:541)\n\tat org.openqa.selenium.remote.ElementLocation$ElementFinder$2.findElement(ElementLocation.java:162)\n\tat org.openqa.selenium.remote.ElementLocation.findElement(ElementLocation.java:60)\n\tat org.openqa.selenium.remote.RemoteWebDriver.findElement(RemoteWebDriver.java:365)\n\tat org.openqa.selenium.remote.RemoteWebDriver.findElement(RemoteWebDriver.java:357)\n\tat org.openqa.selenium.support.pagefactory.DefaultElementLocator.findElement(DefaultElementLocator.java:70)\n\tat org.openqa.selenium.support.pagefactory.internal.LocatingElementHandler.invoke(LocatingElementHandler.java:39)\n\tat com.sun.proxy.$Proxy19.sendKeys(Unknown Source)\n\tat stepDefinitions.GoogleStepDefinition.search_box_a_yi_yaz_ve_enter_a_bas(GoogleStepDefinition.java:26)\n\tat ✽.SearchBox'a \"Yusuf\" yi yaz ve enter'a bas(file:///Users/yusufrenkoglu/Library/Mobile%20Documents/com~apple~CloudDocs/Projects/IdeaProjects/CucumberFramework/src/test/resources/features/Google.feature:6)\n","duration":20090125000,"status":"failed"},"line":6,"name":"SearchBox'a \"Yusuf\" yi yaz ve enter'a bas","match":{"arguments":[{"val":"\"Yusuf\"","offset":12}],"location":"stepDefinitions.GoogleStepDefinition.search_box_a_yi_yaz_ve_enter_a_bas(java.lang.String)"},"keyword":"* "},{"result":{"duration":155000,"status":"skipped"},"line":7,"name":"Aramanin basariyla yapildigini kontrol et","match":{"location":"stepDefinitions.GoogleStepDefinition.aramanin_basariyla_yapildigini_kontrol_et()"},"keyword":"* "},{"result":{"duration":82000,"status":"skipped"},"line":8,"name":"Browser'i kapat","match":{"location":"stepDefinitions.GoogleStepDefinition.Browseri_kapat()"},"keyword":"* "}],"tags":[{"name":"@wip"}]}],"name":"US1001 Kullanici Google'da arama testi yapar","description":"","id":"us1001-kullanici-google-da-arama-testi-yapar","keyword":"Feature","uri":"file:src/test/resources/features/Google.feature","tags":[{"name":"@wip","type":"Tag","location":{"line":1,"column":1}}]}]